Aug 17, 2022 00:07:10.028 [7800] INFO - Plex Tuner Service v1.0.0.0 - Microsoft PC x64 - build: 
Aug 17, 2022 00:07:10.028 [7800] INFO - Windows version: 6.2 (Build 9200), language en-US
Aug 17, 2022 00:07:10.029 [7800] INFO - 4 3504 MHz processor(s): Architecture=0, Level=6, Revision=24067 Processor Identifier=Intel64 Family 6 Model 94 Stepping 3, GenuineIntel
Aug 17, 2022 00:07:10.029 [7800] DEBUG - "C:\Program Files (x86)\Plex\Plex Media Server\Plex Tuner Service.exe" "C:\Program Files (x86)\Plex\Plex Media Server\Resources\Tuner\Private" "C:\Program Files (x86)\Plex\Plex Media Server\Resources\Tuner\Shared" 1.28.1.6092-87136b92b 32600
Aug 17, 2022 00:07:10.027 [6628] INFO - [I] broker_t::start...
Aug 17, 2022 00:07:10.113 [6628] INFO - [I] device_manager_t::init.
Aug 17, 2022 00:07:10.113 [6628] INFO - [I] device_manager_t::init. Initialize provider manager
Aug 17, 2022 00:07:10.113 [6628] INFO - [I] device_manager_t::init. Initialize all device auxes
Aug 17, 2022 00:07:10.113 [6628] INFO - [I] dvb_device_factory_t::get_aux_list
Aug 17, 2022 00:07:10.113 [6628] INFO - [I] bda_aux_t::init
Aug 17, 2022 00:07:10.116 [6628] INFO - [I] web_server_t::start. Starting web server on port 32600
Aug 17, 2022 00:07:17.328 [10364] INFO - [I] web_service_t::process_device_discovery
Aug 17, 2022 00:07:17.328 [10364] INFO - [I] device_reactor_t::get_device_list ()
Aug 17, 2022 00:07:19.394 [10364] INFO - [I] SAT2IP - discover_satip_servers(): no servers found
Aug 17, 2022 00:07:19.821 [13616] WARN - [E] enum_create(): Class not found, CreateClassEnumerator returned S_FALSE
Aug 17, 2022 00:07:19.821 [13616] INFO - [I] DeviceGetListEx_impl: pDL->Count:0
Aug 17, 2022 00:07:19.822 [10364] DEBUG - [I] file_tuner::get_stream_file. File C:\Program Files (x86)\Plex\Plex Media Server\Resources\Tuner\Private\devices\dvb\file\drv_file.ini does not exist
Aug 17, 2022 00:24:27.255 [10364] INFO - [I] web_service_t::process_device_discovery
Aug 17, 2022 00:24:27.255 [10364] INFO - [I] device_reactor_t::get_device_list ()
Aug 17, 2022 00:24:29.339 [10364] INFO - [I] SAT2IP - discover_satip_servers(): no servers found
Aug 17, 2022 00:24:29.773 [1232] WARN - [E] enum_create(): Class not found, CreateClassEnumerator returned S_FALSE
Aug 17, 2022 00:24:29.773 [1232] INFO - [I] DeviceGetListEx_impl: pDL->Count:0
Aug 17, 2022 00:24:29.773 [10364] DEBUG - [I] file_tuner::get_stream_file. File C:\Program Files (x86)\Plex\Plex Media Server\Resources\Tuner\Private\devices\dvb\file\drv_file.ini does not exist
Aug 17, 2022 00:24:31.806 [13004] INFO - [I] web_service_t::process_device_discovery
Aug 17, 2022 00:24:31.806 [13004] INFO - [I] device_reactor_t::get_device_list ()
Aug 17, 2022 00:24:33.872 [13004] INFO - [I] SAT2IP - discover_satip_servers(): no servers found
Aug 17, 2022 00:24:34.308 [11740] WARN - [E] enum_create(): Class not found, CreateClassEnumerator returned S_FALSE
Aug 17, 2022 00:24:34.308 [11740] INFO - [I] DeviceGetListEx_impl: pDL->Count:0
Aug 17, 2022 00:24:34.308 [13004] DEBUG - [I] file_tuner::get_stream_file. File C:\Program Files (x86)\Plex\Plex Media Server\Resources\Tuner\Private\devices\dvb\file\drv_file.ini does not exist
Aug 17, 2022 00:24:36.553 [13004] INFO - [I] web_service_t::process_device_discovery
Aug 17, 2022 00:24:36.553 [13004] INFO - [I] device_reactor_t::get_device_list ()
Aug 17, 2022 00:24:38.617 [13004] INFO - [I] SAT2IP - discover_satip_servers(): no servers found
Aug 17, 2022 00:24:39.045 [9316] WARN - [E] enum_create(): Class not found, CreateClassEnumerator returned S_FALSE
Aug 17, 2022 00:24:39.045 [9316] INFO - [I] DeviceGetListEx_impl: pDL->Count:0
Aug 17, 2022 00:24:39.049 [13004] DEBUG - [I] file_tuner::get_stream_file. File C:\Program Files (x86)\Plex\Plex Media Server\Resources\Tuner\Private\devices\dvb\file\drv_file.ini does not exist
Aug 17, 2022 00:24:41.140 [10364] INFO - [I] web_service_t::process_device_discovery
Aug 17, 2022 00:24:41.140 [10364] INFO - [I] device_reactor_t::get_device_list ()
Aug 17, 2022 00:24:43.223 [10364] INFO - [I] SAT2IP - discover_satip_servers(): no servers found
Aug 17, 2022 00:24:43.649 [4132] WARN - [E] enum_create(): Class not found, CreateClassEnumerator returned S_FALSE
Aug 17, 2022 00:24:43.649 [4132] INFO - [I] DeviceGetListEx_impl: pDL->Count:0
Aug 17, 2022 00:24:43.650 [10364] DEBUG - [I] file_tuner::get_stream_file. File C:\Program Files (x86)\Plex\Plex Media Server\Resources\Tuner\Private\devices\dvb\file\drv_file.ini does not exist
Aug 17, 2022 00:24:54.940 [10364] INFO - [I] web_service_t::process_device_discovery
Aug 17, 2022 00:24:54.940 [10364] INFO - [I] device_reactor_t::get_device_list ()
Aug 17, 2022 00:24:57.008 [10364] INFO - [I] SAT2IP - discover_satip_servers(): no servers found
Aug 17, 2022 00:24:57.434 [8708] WARN - [E] enum_create(): Class not found, CreateClassEnumerator returned S_FALSE
Aug 17, 2022 00:24:57.434 [8708] INFO - [I] DeviceGetListEx_impl: pDL->Count:0
Aug 17, 2022 00:24:57.435 [10364] DEBUG - [I] file_tuner::get_stream_file. File C:\Program Files (x86)\Plex\Plex Media Server\Resources\Tuner\Private\devices\dvb\file\drv_file.ini does not exist
Aug 17, 2022 00:24:59.468 [13004] INFO - [I] web_service_t::process_device_discovery
Aug 17, 2022 00:24:59.468 [13004] INFO - [I] device_reactor_t::get_device_list ()
Aug 17, 2022 00:25:01.539 [13004] INFO - [I] SAT2IP - discover_satip_servers(): no servers found
Aug 17, 2022 00:25:01.974 [2896] WARN - [E] enum_create(): Class not found, CreateClassEnumerator returned S_FALSE
Aug 17, 2022 00:25:01.974 [2896] INFO - [I] DeviceGetListEx_impl: pDL->Count:0
Aug 17, 2022 00:25:01.974 [13004] DEBUG - [I] file_tuner::get_stream_file. File C:\Program Files (x86)\Plex\Plex Media Server\Resources\Tuner\Private\devices\dvb\file\drv_file.ini does not exist
Aug 17, 2022 00:25:04.001 [10364] INFO - [I] web_service_t::process_device_discovery
Aug 17, 2022 00:25:04.001 [10364] INFO - [I] device_reactor_t::get_device_list ()
Aug 17, 2022 00:25:06.069 [10364] INFO - [I] SAT2IP - discover_satip_servers(): no servers found
Aug 17, 2022 00:25:06.509 [8976] WARN - [E] enum_create(): Class not found, CreateClassEnumerator returned S_FALSE
Aug 17, 2022 00:25:06.509 [8976] INFO - [I] DeviceGetListEx_impl: pDL->Count:0
Aug 17, 2022 00:25:06.514 [10364] DEBUG - [I] file_tuner::get_stream_file. File C:\Program Files (x86)\Plex\Plex Media Server\Resources\Tuner\Private\devices\dvb\file\drv_file.ini does not exist
Aug 17, 2022 00:25:08.552 [10364] INFO - [I] web_service_t::process_device_discovery
Aug 17, 2022 00:25:08.552 [10364] INFO - [I] device_reactor_t::get_device_list ()
Aug 17, 2022 00:25:10.626 [10364] INFO - [I] SAT2IP - discover_satip_servers(): no servers found
Aug 17, 2022 00:25:11.034 [4984] WARN - [E] enum_create(): Class not found, CreateClassEnumerator returned S_FALSE
Aug 17, 2022 00:25:11.035 [4984] INFO - [I] DeviceGetListEx_impl: pDL->Count:0
Aug 17, 2022 00:25:11.035 [10364] DEBUG - [I] file_tuner::get_stream_file. File C:\Program Files (x86)\Plex\Plex Media Server\Resources\Tuner\Private\devices\dvb\file\drv_file.ini does not exist
Aug 17, 2022 00:25:13.235 [10364] INFO - [I] web_service_t::process_device_discovery
Aug 17, 2022 00:25:13.235 [10364] INFO - [I] device_reactor_t::get_device_list ()
Aug 17, 2022 00:25:15.296 [10364] INFO - [I] SAT2IP - discover_satip_servers(): no servers found
Aug 17, 2022 00:25:15.741 [4328] WARN - [E] enum_create(): Class not found, CreateClassEnumerator returned S_FALSE
Aug 17, 2022 00:25:15.741 [4328] INFO - [I] DeviceGetListEx_impl: pDL->Count:0
Aug 17, 2022 00:25:15.742 [10364] DEBUG - [I] file_tuner::get_stream_file. File C:\Program Files (x86)\Plex\Plex Media Server\Resources\Tuner\Private\devices\dvb\file\drv_file.ini does not exist
Aug 17, 2022 00:25:17.978 [10364] INFO - [I] web_service_t::process_device_discovery
Aug 17, 2022 00:25:17.978 [10364] INFO - [I] device_reactor_t::get_device_list ()
Aug 17, 2022 00:25:20.051 [10364] INFO - [I] SAT2IP - discover_satip_servers(): no servers found
Aug 17, 2022 00:25:20.498 [12736] WARN - [E] enum_create(): Class not found, CreateClassEnumerator returned S_FALSE
Aug 17, 2022 00:25:20.498 [12736] INFO - [I] DeviceGetListEx_impl: pDL->Count:0
Aug 17, 2022 00:25:20.503 [10364] DEBUG - [I] file_tuner::get_stream_file. File C:\Program Files (x86)\Plex\Plex Media Server\Resources\Tuner\Private\devices\dvb\file\drv_file.ini does not exist
Aug 17, 2022 00:25:23.384 [10364] INFO - [I] web_service_t::process_device_discovery
Aug 17, 2022 00:25:23.384 [10364] INFO - [I] device_reactor_t::get_device_list ()
Aug 17, 2022 00:25:25.446 [10364] INFO - [I] SAT2IP - discover_satip_servers(): no servers found
Aug 17, 2022 00:25:25.884 [13444] WARN - [E] enum_create(): Class not found, CreateClassEnumerator returned S_FALSE
Aug 17, 2022 00:25:25.884 [13444] INFO - [I] DeviceGetListEx_impl: pDL->Count:0
Aug 17, 2022 00:25:25.885 [10364] DEBUG - [I] file_tuner::get_stream_file. File C:\Program Files (x86)\Plex\Plex Media Server\Resources\Tuner\Private\devices\dvb\file\drv_file.ini does not exist
Aug 17, 2022 00:25:27.910 [13004] INFO - [I] web_service_t::process_device_discovery
Aug 17, 2022 00:25:27.910 [13004] INFO - [I] device_reactor_t::get_device_list ()
Aug 17, 2022 00:25:29.997 [13004] INFO - [I] SAT2IP - discover_satip_servers(): no servers found
Aug 17, 2022 00:25:30.438 [5444] WARN - [E] enum_create(): Class not found, CreateClassEnumerator returned S_FALSE
Aug 17, 2022 00:25:30.438 [5444] INFO - [I] DeviceGetListEx_impl: pDL->Count:0
Aug 17, 2022 00:25:30.443 [13004] DEBUG - [I] file_tuner::get_stream_file. File C:\Program Files (x86)\Plex\Plex Media Server\Resources\Tuner\Private\devices\dvb\file\drv_file.ini does not exist
Aug 17, 2022 00:25:32.648 [13004] INFO - [I] web_service_t::process_device_discovery
Aug 17, 2022 00:25:32.649 [13004] INFO - [I] device_reactor_t::get_device_list ()
Aug 17, 2022 00:25:34.729 [13004] INFO - [I] SAT2IP - discover_satip_servers(): no servers found
Aug 17, 2022 00:25:35.155 [12832] WARN - [E] enum_create(): Class not found, CreateClassEnumerator returned S_FALSE
Aug 17, 2022 00:25:35.157 [12832] INFO - [I] DeviceGetListEx_impl: pDL->Count:0
Aug 17, 2022 00:25:35.165 [13004] DEBUG - [I] file_tuner::get_stream_file. File C:\Program Files (x86)\Plex\Plex Media Server\Resources\Tuner\Private\devices\dvb\file\drv_file.ini does not exist
Aug 17, 2022 00:25:40.356 [13004] INFO - [I] web_service_t::process_device_discovery
Aug 17, 2022 00:25:40.356 [13004] INFO - [I] device_reactor_t::get_device_list ()
Aug 17, 2022 00:25:42.418 [13004] INFO - [I] SAT2IP - discover_satip_servers(): no servers found
Aug 17, 2022 00:25:42.857 [7248] WARN - [E] enum_create(): Class not found, CreateClassEnumerator returned S_FALSE
Aug 17, 2022 00:25:42.857 [7248] INFO - [I] DeviceGetListEx_impl: pDL->Count:0
Aug 17, 2022 00:25:42.861 [13004] DEBUG - [I] file_tuner::get_stream_file. File C:\Program Files (x86)\Plex\Plex Media Server\Resources\Tuner\Private\devices\dvb\file\drv_file.ini does not exist
Aug 17, 2022 00:25:44.976 [9060] INFO - [I] web_service_t::process_device_discovery
Aug 17, 2022 00:25:44.976 [9060] INFO - [I] device_reactor_t::get_device_list ()
Aug 17, 2022 00:25:47.045 [9060] INFO - [I] SAT2IP - discover_satip_servers(): no servers found
Aug 17, 2022 00:25:47.489 [9868] WARN - [E] enum_create(): Class not found, CreateClassEnumerator returned S_FALSE
Aug 17, 2022 00:25:47.489 [9868] INFO - [I] DeviceGetListEx_impl: pDL->Count:0
Aug 17, 2022 00:25:47.493 [9060] DEBUG - [I] file_tuner::get_stream_file. File C:\Program Files (x86)\Plex\Plex Media Server\Resources\Tuner\Private\devices\dvb\file\drv_file.ini does not exist
Aug 17, 2022 00:25:49.541 [10364] INFO - [I] web_service_t::process_device_discovery
Aug 17, 2022 00:25:49.541 [10364] INFO - [I] device_reactor_t::get_device_list ()
Aug 17, 2022 00:25:51.600 [10364] INFO - [I] SAT2IP - discover_satip_servers(): no servers found
Aug 17, 2022 00:25:52.075 [9176] WARN - [E] enum_create(): Class not found, CreateClassEnumerator returned S_FALSE
Aug 17, 2022 00:25:52.076 [9176] INFO - [I] DeviceGetListEx_impl: pDL->Count:0
Aug 17, 2022 00:25:52.088 [10364] DEBUG - [I] file_tuner::get_stream_file. File C:\Program Files (x86)\Plex\Plex Media Server\Resources\Tuner\Private\devices\dvb\file\drv_file.ini does not exist
Aug 17, 2022 00:25:55.115 [10364] INFO - [I] web_service_t::process_device_discovery
Aug 17, 2022 00:25:55.115 [10364] INFO - [I] device_reactor_t::get_device_list ()
Aug 17, 2022 00:25:57.189 [10364] INFO - [I] SAT2IP - discover_satip_servers(): no servers found
Aug 17, 2022 00:25:57.649 [6684] WARN - [E] enum_create(): Class not found, CreateClassEnumerator returned S_FALSE
Aug 17, 2022 00:25:57.649 [6684] INFO - [I] DeviceGetListEx_impl: pDL->Count:0
Aug 17, 2022 00:25:57.655 [10364] DEBUG - [I] file_tuner::get_stream_file. File C:\Program Files (x86)\Plex\Plex Media Server\Resources\Tuner\Private\devices\dvb\file\drv_file.ini does not exist
Aug 17, 2022 00:25:59.909 [13004] INFO - [I] web_service_t::process_device_discovery
Aug 17, 2022 00:25:59.909 [13004] INFO - [I] device_reactor_t::get_device_list ()
Aug 17, 2022 00:26:01.993 [13004] INFO - [I] SAT2IP - discover_satip_servers(): no servers found
Aug 17, 2022 00:26:02.438 [5444] WARN - [E] enum_create(): Class not found, CreateClassEnumerator returned S_FALSE
Aug 17, 2022 00:26:02.438 [5444] INFO - [I] DeviceGetListEx_impl: pDL->Count:0
Aug 17, 2022 00:26:02.438 [13004] DEBUG - [I] file_tuner::get_stream_file. File C:\Program Files (x86)\Plex\Plex Media Server\Resources\Tuner\Private\devices\dvb\file\drv_file.ini does not exist
Aug 17, 2022 00:26:05.639 [9060] INFO - [I] web_service_t::process_device_discovery
Aug 17, 2022 00:26:05.639 [9060] INFO - [I] device_reactor_t::get_device_list ()
Aug 17, 2022 00:26:07.791 [9060] INFO - [I] SAT2IP - discover_satip_servers(): no servers found
Aug 17, 2022 00:26:08.246 [9164] WARN - [E] enum_create(): Class not found, CreateClassEnumerator returned S_FALSE
Aug 17, 2022 00:26:08.246 [9164] INFO - [I] DeviceGetListEx_impl: pDL->Count:0
Aug 17, 2022 00:26:08.249 [9060] DEBUG - [I] file_tuner::get_stream_file. File C:\Program Files (x86)\Plex\Plex Media Server\Resources\Tuner\Private\devices\dvb\file\drv_file.ini does not exist
Aug 17, 2022 00:26:10.352 [10364] INFO - [I] web_service_t::process_device_discovery
Aug 17, 2022 00:26:10.352 [10364] INFO - [I] device_reactor_t::get_device_list ()
Aug 17, 2022 00:26:12.432 [10364] INFO - [I] SAT2IP - discover_satip_servers(): no servers found
Aug 17, 2022 00:26:12.868 [9180] WARN - [E] enum_create(): Class not found, CreateClassEnumerator returned S_FALSE
Aug 17, 2022 00:26:12.868 [9180] INFO - [I] DeviceGetListEx_impl: pDL->Count:0
Aug 17, 2022 00:26:12.869 [10364] DEBUG - [I] file_tuner::get_stream_file. File C:\Program Files (x86)\Plex\Plex Media Server\Resources\Tuner\Private\devices\dvb\file\drv_file.ini does not exist
Aug 17, 2022 00:26:15.549 [13004] INFO - [I] web_service_t::process_device_discovery
Aug 17, 2022 00:26:15.549 [13004] INFO - [I] device_reactor_t::get_device_list ()
Aug 17, 2022 00:26:17.656 [13004] INFO - [I] SAT2IP - discover_satip_servers(): no servers found
Aug 17, 2022 00:26:18.101 [13396] WARN - [E] enum_create(): Class not found, CreateClassEnumerator returned S_FALSE
Aug 17, 2022 00:26:18.101 [13396] INFO - [I] DeviceGetListEx_impl: pDL->Count:0
Aug 17, 2022 00:26:18.106 [13004] DEBUG - [I] file_tuner::get_stream_file. File C:\Program Files (x86)\Plex\Plex Media Server\Resources\Tuner\Private\devices\dvb\file\drv_file.ini does not exist
