Aug 20, 2022 04:21:56.175 [9904] INFO - Plex Media Scanner v1.28.1.6092-87136b92b - Microsoft PC x64 - build: windows-x86 - GMT -04:00
Aug 20, 2022 04:21:56.175 [9904] INFO - Windows version: 6.2 (Build 9200), language en-US
Aug 20, 2022 04:21:56.175 [9904] INFO - 4 3504 MHz processor(s): Architecture=0, Level=6, Revision=24067 Processor Identifier=Intel64 Family 6 Model 94 Stepping 3, GenuineIntel
Aug 20, 2022 04:21:56.175 [9904] DEBUG - "C:\Program Files (x86)\Plex\Plex Media Server\Plex Media Scanner.exe" --match --type 1 --log-file-suffix " Matcher" --item 9960
Aug 20, 2022 04:21:56.174 [8848] DEBUG - Opening 20 database sessions to library (com.plexapp.plugins.library), SQLite 3.35.5, threadsafe=1
Aug 20, 2022 04:21:56.276 [8848] DEBUG - [MI] Opening input file: "D:\Movies\The Lion King 2\The Lion King 2.mp4"
Aug 20, 2022 04:21:56.277 [8848] DEBUG - [FFMPEG] - Opening 'D:\Movies\The Lion King 2\The Lion King 2.mp4' for reading
Aug 20, 2022 04:21:56.277 [8848] DEBUG - [FFMPEG] - Setting default whitelist 'file,crypto,data'
Aug 20, 2022 04:21:56.294 [8848] DEBUG - [FFMPEG] - Format mov,mp4,m4a,3gp,3g2,mj2 probed with size=2048 and score=100
Aug 20, 2022 04:21:56.294 [8848] DEBUG - [FFMPEG] - ISO: File Type Major Brand: isom
Aug 20, 2022 04:21:56.294 [8848] DEBUG - [FFMPEG] - Unknown dref type 0x206c7275 size 12
Aug 20, 2022 04:21:56.312 [8848] DEBUG - [FFMPEG] - Setting codecpar->delay to 2 for stream st: 0
Aug 20, 2022 04:21:56.312 [8848] DEBUG - [FFMPEG] - Unknown dref type 0x206c7275 size 12
Aug 20, 2022 04:21:56.323 [8848] DEBUG - [FFMPEG] - Before avformat_find_stream_info() pos: 525140631 bytes read:2001786 seeks:1 nb_streams:2
Aug 20, 2022 04:21:56.323 [8848] DEBUG - [FFMPEG] - nal_unit_type: 7(SPS), nal_ref_idc: 3
Aug 20, 2022 04:21:56.323 [8848] DEBUG - [FFMPEG] - nal_unit_type: 8(PPS), nal_ref_idc: 3
Aug 20, 2022 04:21:56.325 [8848] DEBUG - [FFMPEG] - nal_unit_type: 6(SEI), nal_ref_idc: 0
Aug 20, 2022 04:21:56.325 [8848] DEBUG - [FFMPEG] - nal_unit_type: 5(IDR), nal_ref_idc: 3
Aug 20, 2022 04:21:56.325 [8848] DEBUG - [FFMPEG] - Format yuv420p chosen by get_format().
Aug 20, 2022 04:21:56.326 [8848] DEBUG - [FFMPEG] - no picture 
Aug 20, 2022 04:21:56.330 [8848] DEBUG - [FFMPEG] - nal_unit_type: 1(Coded slice of a non-IDR picture), nal_ref_idc: 2
Aug 20, 2022 04:21:56.331 [8848] DEBUG - [FFMPEG] - no picture 
Aug 20, 2022 04:21:56.333 [8848] DEBUG - [FFMPEG] - nal_unit_type: 1(Coded slice of a non-IDR picture), nal_ref_idc: 2
Aug 20, 2022 04:21:56.337 [8848] DEBUG - [FFMPEG] - nal_unit_type: 1(Coded slice of a non-IDR picture), nal_ref_idc: 2
Aug 20, 2022 04:21:56.340 [8848] DEBUG - [FFMPEG] - nal_unit_type: 1(Coded slice of a non-IDR picture), nal_ref_idc: 2
Aug 20, 2022 04:21:56.343 [8848] DEBUG - [FFMPEG] - nal_unit_type: 1(Coded slice of a non-IDR picture), nal_ref_idc: 2
Aug 20, 2022 04:21:56.346 [8848] DEBUG - [FFMPEG] - nal_unit_type: 1(Coded slice of a non-IDR picture), nal_ref_idc: 2
Aug 20, 2022 04:21:56.348 [8848] DEBUG - [FFMPEG] - nal_unit_type: 1(Coded slice of a non-IDR picture), nal_ref_idc: 2
Aug 20, 2022 04:21:56.350 [8848] DEBUG - [FFMPEG] - nal_unit_type: 1(Coded slice of a non-IDR picture), nal_ref_idc: 2
Aug 20, 2022 04:21:56.353 [8848] DEBUG - [FFMPEG] - All info found
Aug 20, 2022 04:21:56.354 [8848] DEBUG - [FFMPEG] - After avformat_find_stream_info() pos: 2174224 bytes read:2198394 seeks:2 frames:13
Aug 20, 2022 04:21:56.354 [8848] DEBUG - [FFMPEG] - nal_unit_type: 7(SPS), nal_ref_idc: 3
Aug 20, 2022 04:21:56.354 [8848] DEBUG - [FFMPEG] - nal_unit_type: 8(PPS), nal_ref_idc: 3
Aug 20, 2022 04:21:56.355 [8848] DEBUG - [MI] Closing input file: "D:\Movies\The Lion King 2\The Lion King 2.mp4"
Aug 20, 2022 04:21:56.357 [8848] DEBUG - Matcher: found 0 auxiliary files in "D:\Movies\The Lion King 2" (single media: yes)
Aug 20, 2022 04:21:56.357 [8848] DEBUG - Matcher: no sidecar subtitle files found for "D:\Movies\The Lion King 2\The Lion King 2.mp4"
Aug 20, 2022 04:21:56.358 [8848] DEBUG - Matcher: no valid subtitles found, removing any existing media bundle file
