Aug 17, 2022 17:20:37.560 [2644] INFO - Plex Tuner Service v1.0.0.0 - Microsoft PC x64 - build: 
Aug 17, 2022 17:20:37.561 [2644] INFO - Windows version: 6.2 (Build 9200), language en-US
Aug 17, 2022 17:20:37.561 [2644] INFO - 4 3504 MHz processor(s): Architecture=0, Level=6, Revision=24067 Processor Identifier=Intel64 Family 6 Model 94 Stepping 3, GenuineIntel
Aug 17, 2022 17:20:37.561 [2644] DEBUG - "C:\Program Files (x86)\Plex\Plex Media Server\Plex Tuner Service.exe" "C:\Program Files (x86)\Plex\Plex Media Server\Resources\Tuner\Private" "C:\Program Files (x86)\Plex\Plex Media Server\Resources\Tuner\Shared" 1.28.1.6092-87136b92b 32600
Aug 17, 2022 17:20:37.552 [6968] INFO - [I] broker_t::start...
Aug 17, 2022 17:20:37.560 [6968] INFO - [I] device_manager_t::init.
Aug 17, 2022 17:20:37.560 [6968] INFO - [I] device_manager_t::init. Initialize provider manager
Aug 17, 2022 17:20:37.560 [6968] INFO - [I] device_manager_t::init. Initialize all device auxes
Aug 17, 2022 17:20:37.560 [6968] INFO - [I] dvb_device_factory_t::get_aux_list
Aug 17, 2022 17:20:37.560 [6968] INFO - [I] bda_aux_t::init
Aug 17, 2022 17:20:37.564 [6968] INFO - [I] web_server_t::start. Starting web server on port 32600
Aug 17, 2022 17:20:46.239 [5756] INFO - [I] web_service_t::process_device_discovery
Aug 17, 2022 17:20:46.239 [5756] INFO - [I] device_reactor_t::get_device_list ()
Aug 17, 2022 17:20:48.315 [5756] INFO - [I] SAT2IP - discover_satip_servers(): no servers found
Aug 17, 2022 17:20:48.751 [1428] WARN - [E] enum_create(): Class not found, CreateClassEnumerator returned S_FALSE
Aug 17, 2022 17:20:48.751 [1428] INFO - [I] DeviceGetListEx_impl: pDL->Count:0
Aug 17, 2022 17:20:48.752 [5756] DEBUG - [I] file_tuner::get_stream_file. File C:\Program Files (x86)\Plex\Plex Media Server\Resources\Tuner\Private\devices\dvb\file\drv_file.ini does not exist
Aug 17, 2022 17:26:48.306 [2968] INFO - [I] web_service_t::process_device_discovery
Aug 17, 2022 17:26:48.306 [2968] INFO - [I] device_reactor_t::get_device_list ()
Aug 17, 2022 17:26:50.361 [2968] INFO - [I] SAT2IP - discover_satip_servers(): no servers found
Aug 17, 2022 17:26:50.796 [2532] WARN - [E] enum_create(): Class not found, CreateClassEnumerator returned S_FALSE
Aug 17, 2022 17:26:50.796 [2532] INFO - [I] DeviceGetListEx_impl: pDL->Count:0
Aug 17, 2022 17:26:50.797 [2968] DEBUG - [I] file_tuner::get_stream_file. File C:\Program Files (x86)\Plex\Plex Media Server\Resources\Tuner\Private\devices\dvb\file\drv_file.ini does not exist
